Сборка начата 03.11.2024 23:46:15.
Уровень детализации журнала: Normal.     1>Проект "C:\Users\user\OneDrive\Рабочий стол\Лабы по ОПИ\lab 5-3\lab 5-3.vcxproj" в узле 2 (целевые объекты Build).
     1>PrepareForBuild:
         Структурированный вывод включен. Форматирование диагностики компилятора будет отражать иерархию ошибок. Подробнее см. https://aka.ms/cpp/structured-output.
       InitializeBuildStatus:
         Обращение к "x64\Debug\lab 5-3.tlog\unsuccessfulbuild".
       ClCompile:
         C:\Program Files\Microsoft Visual Studio\2022\Community\VC\Tools\MSVC\14.40.33807\bin\HostX64\x64\CL.exe /c /ZI /JMC /nologo /W3 /WX- /diagnostics:column /sdl /Od /D _DEBUG /D _CONSOLE /D _UNICODE /D UNICODE /Gm- /EHsc /RTC1 /MDd /GS /fp:precise /Zc:wchar_t /Zc:forScope /Zc:inline /permissive- /Fo"x64\Debug\\" /Fd"x64\Debug\vc143.pdb" /external:W3 /Gd /TP /FC /errorReport:prompt "lab 5-3.cpp"
         lab 5-3.cpp
       Link:
         C:\Program Files\Microsoft Visual Studio\2022\Community\VC\Tools\MSVC\14.40.33807\bin\HostX64\x64\link.exe /ERRORREPORT:PROMPT /OUT:"C:\Users\user\OneDrive\Рабочий стол\Лабы по ОПИ\Lab 05\x64\Debug\lab 5-3.exe" /INCREMENTAL /ILK:"x64\Debug\lab 5-3.ilk" /NOLOGO kernel32.lib user32.lib gdi32.lib winspool.lib comdlg32.lib advapi32.lib shell32.lib ole32.lib oleaut32.lib uuid.lib odbc32.lib odbccp32.lib /MANIFEST /MANIFESTUAC:"level='asInvoker' uiAccess='false'" /manifest:embed /DEBUG /PDB:"C:\Users\user\OneDrive\Рабочий стол\Лабы по ОПИ\Lab 05\x64\Debug\lab 5-3.pdb" /SUBSYSTEM:CONSOLE /TLBID:1 /DYNAMICBASE /NXCOMPAT /IMPLIB:"C:\Users\user\OneDrive\Рабочий стол\Лабы по ОПИ\Lab 05\x64\Debug\lab 5-3.lib" /MACHINE:X64 "x64\Debug\lab 5-3.obj"
         lab 5-3.vcxproj -> C:\Users\user\OneDrive\Рабочий стол\Лабы по ОПИ\Lab 05\x64\Debug\lab 5-3.exe
       TlogCleanup:
         Следующие элементы будут удалены из tlogs, так как они были удалены из проекта или сборки: C:\Users\user\OneDrive\Рабочий стол\Лабы по ОПИ\lab 5-3\x64\Debug\case1.obj.
       FinalizeBuildStatus:
         Файл "x64\Debug\lab 5-3.tlog\unsuccessfulbuild" удаляется.
         Обращение к "x64\Debug\lab 5-3.tlog\lab 5-3.lastbuildstate".
     1>Сборка проекта "C:\Users\user\OneDrive\Рабочий стол\Лабы по ОПИ\lab 5-3\lab 5-3.vcxproj" завершена (целевые объекты Build).

Сборка успешно завершена.
    Предупреждений: 0
    Ошибок: 0

Прошло времени 00:00:01.70
