Сборка начата 26.10.2024 15:00:42.
Уровень детализации журнала: Normal.     1>Проект "C:\Users\user\OneDrive\Рабочий стол\Лабы по ОПИ\Lab 05\Lab 05.vcxproj" в узле 2 (целевые объекты Build).
     1>PrepareForBuild:
         Структурированный вывод включен. Форматирование диагностики компилятора будет отражать иерархию ошибок. Подробнее см. https://aka.ms/cpp/structured-output.
       InitializeBuildStatus:
         Создание "Lab 05\x64\Debug\Lab 05.tlog\unsuccessfulbuild", так как было задано "AlwaysCreate".
         Обращение к "Lab 05\x64\Debug\Lab 05.tlog\unsuccessfulbuild".
       ClCompile:
         C:\Program Files\Microsoft Visual Studio\2022\Community\VC\Tools\MSVC\14.40.33807\bin\HostX64\x64\CL.exe /c /ZI /JMC /nologo /W3 /WX- /diagnostics:column /sdl /Od /D _DEBUG /D _CONSOLE /D _UNICODE /D UNICODE /Gm- /EHsc /RTC1 /MDd /GS /fp:precise /Zc:wchar_t /Zc:forScope /Zc:inline /permissive- /Fo"Lab 05\x64\Debug\\" /Fd"Lab 05\x64\Debug\vc143.pdb" /external:W3 /Gd /TP /FC /errorReport:prompt "Lab 05.cpp"
         Lab 05.cpp
       Link:
         C:\Program Files\Microsoft Visual Studio\2022\Community\VC\Tools\MSVC\14.40.33807\bin\HostX64\x64\link.exe /ERRORREPORT:PROMPT /OUT:"C:\Users\user\OneDrive\Рабочий стол\Лабы по ОПИ\Lab 05\x64\Debug\Lab 05.exe" /INCREMENTAL /ILK:"Lab 05\x64\Debug\Lab 05.ilk" /NOLOGO kernel32.lib user32.lib gdi32.lib winspool.lib comdlg32.lib advapi32.lib shell32.lib ole32.lib oleaut32.lib uuid.lib odbc32.lib odbccp32.lib /MANIFEST /MANIFESTUAC:"level='asInvoker' uiAccess='false'" /manifest:embed /DEBUG /PDB:"C:\Users\user\OneDrive\Рабочий стол\Лабы по ОПИ\Lab 05\x64\Debug\Lab 05.pdb" /SUBSYSTEM:CONSOLE /TLBID:1 /DYNAMICBASE /NXCOMPAT /IMPLIB:"C:\Users\user\OneDrive\Рабочий стол\Лабы по ОПИ\Lab 05\x64\Debug\Lab 05.lib" /MACHINE:X64 "Lab 05\x64\Debug\Lab 05.obj"
         Lab 05.vcxproj -> C:\Users\user\OneDrive\Рабочий стол\Лабы по ОПИ\Lab 05\x64\Debug\Lab 05.exe
       FinalizeBuildStatus:
         Файл "Lab 05\x64\Debug\Lab 05.tlog\unsuccessfulbuild" удаляется.
         Обращение к "Lab 05\x64\Debug\Lab 05.tlog\Lab 05.lastbuildstate".
     1>Сборка проекта "C:\Users\user\OneDrive\Рабочий стол\Лабы по ОПИ\Lab 05\Lab 05.vcxproj" завершена (целевые объекты Build).

Сборка успешно завершена.
    Предупреждений: 0
    Ошибок: 0

Прошло времени 00:00:01.39
